<?xml version="1.0" encoding="UTF-8"?>
<testng-results skipped="0" failed="0" total="1" passed="1">
  <reporter-output>
  </reporter-output>
  <suite name="Suite" duration-ms="32554" started-at="2016-09-26T22:23:45Z" finished-at="2016-09-26T22:24:18Z">
    <groups>
    </groups>
    <test name="Test" duration-ms="32554" started-at="2016-09-26T22:23:45Z" finished-at="2016-09-26T22:24:18Z">
      <class name="com.test1.test.TestClassOne">
        <test-method status="PASS" signature="launchApplication()[pri:0, instance:com.test1.test.TestClassOne@2cb4c3ab]" name="launchApplication" is-config="true" duration-ms="23297" started-at="2016-09-27T03:53:45Z" finished-at="2016-09-27T03:54:09Z">
          <reporter-output>
          </reporter-output>
        </test-method> <!-- launchApplication -->
        <test-method status="PASS" signature="loginToApplication(java.lang.String, java.lang.String)[pri:0, instance:com.test1.test.TestClassOne@2cb4c3ab]" name="loginToApplication" duration-ms="9228" started-at="2016-09-27T03:54:09Z" finished-at="2016-09-27T03:54:18Z">
          <params>
            <param index="0">
              <value>
                <![CDATA[ckdeo9742@gmail.com]]>
              </value>
            </param>
            <param index="1">
              <value>
                <![CDATA[chinu221deo999]]>
              </value>
            </param>
          </params>
          <reporter-output>
          </reporter-output>
        </test-method> <!-- loginToApplication -->
        <test-method status="PASS" signature="tearDown()[pri:0, instance:com.test1.test.TestClassOne@2cb4c3ab]" name="tearDown" is-config="true" duration-ms="11" started-at="2016-09-27T03:54:18Z" finished-at="2016-09-27T03:54:18Z">
          <reporter-output>
          </reporter-output>
        </test-method> <!-- tearDown -->
      </class> <!-- com.test1.test.TestClassOne -->
    </test> <!-- Test -->
  </suite> <!-- Suite -->
</testng-results>
