<?xml version="1.0" encoding="UTF-8"?>
<testng-results skipped="0" failed="0" total="1" passed="1">
  <reporter-output>
  </reporter-output>
  <suite name="Suite" duration-ms="36376" started-at="2016-09-26T22:12:32Z" finished-at="2016-09-26T22:13:08Z">
    <groups>
    </groups>
    <test name="Test" duration-ms="36376" started-at="2016-09-26T22:12:32Z" finished-at="2016-09-26T22:13:08Z">
      <class name="com.test1.test.TestClassOne">
        <test-method status="PASS" signature="launchApplication()[pri:0, instance:com.test1.test.TestClassOne@7cd62f43]" name="launchApplication" is-config="true" duration-ms="28124" started-at="2016-09-27T03:42:32Z" finished-at="2016-09-27T03:43:00Z">
          <reporter-output>
          </reporter-output>
        </test-method> <!-- launchApplication -->
        <test-method status="PASS" signature="loginToApplication(java.lang.String, java.lang.String)[pri:0, instance:com.test1.test.TestClassOne@7cd62f43]" name="loginToApplication" duration-ms="8204" started-at="2016-09-27T03:43:00Z" finished-at="2016-09-27T03:43:08Z">
          <params>
            <param index="0">
              <value>
                <![CDATA[ckdeo9742@gmail.com]]>
              </value>
            </param>
            <param index="1">
              <value>
                <![CDATA[chinu221deo999]]>
              </value>
            </param>
          </params>
          <reporter-output>
          </reporter-output>
        </test-method> <!-- loginToApplication -->
        <test-method status="PASS" signature="tearDown()[pri:0, instance:com.test1.test.TestClassOne@7cd62f43]" name="tearDown" is-config="true" duration-ms="13" started-at="2016-09-27T03:43:08Z" finished-at="2016-09-27T03:43:08Z">
          <reporter-output>
          </reporter-output>
        </test-method> <!-- tearDown -->
      </class> <!-- com.test1.test.TestClassOne -->
    </test> <!-- Test -->
  </suite> <!-- Suite -->
</testng-results>
